<?xml version="1.0" encoding="UTF-8"?>
<testsuite name="firsttest"
           tests="1"
           failures="1"
           errors="0"
           skipped="0"
           time="6.748">
  <properties />
            <testcase name="loginTest" time="6.748" classname="com.yogi.JabongTest">
                <failure type="org.openqa.selenium.NoSuchElementException"
                  message="Cann&apos;t locate an element by this strategy: By.AccessibilityId: Closed
For documentation on this error, please visit: http://seleniumhq.org/exceptions/no_such_element.html
Build info: version: &apos;2.44.0&apos;, revision: &apos;76d78cf323ce037c5f92db6c1bba601c2ac43ad8&apos;, time: &apos;2014-10-23 13:11:40&apos;
System info: host: &apos;ARVIND-PC&apos;, ip: &apos;192.168.0.101&apos;, os.name: &apos;Windows 7&apos;, os.arch: &apos;amd64&apos;, os.version: &apos;6.1&apos;, java.version: &apos;1.8.0_25&apos;
Driver info: driver.version: unknown"
              >
<![CDATA[org.openqa.selenium.NoSuchElementException: Cann't locate an element by this strategy: By.AccessibilityId: Closed
For documentation on this error, please visit: http://seleniumhq.org/exceptions/no_such_element.html
Build info: version: '2.44.0', revision: '76d78cf323ce037c5f92db6c1bba601c2ac43ad8', time: '2014-10-23 13:11:40'
System info: host: 'ARVIND-PC', ip: '192.168.0.101', os.name: 'Windows 7', os.arch: 'amd64', os.version: '6.1', java.version: '1.8.0_25'
Driver info: driver.version: unknown
  io.appium.java_client.pagefactory.AppiumElementLocator.findElement(AppiumElementLocator.java:132)
  io.appium.java_client.pagefactory.ElementInterceptor.intercept(ElementInterceptor.java:26)
  io.appium.java_client.MobileElement$$EnhancerByCGLIB$$a6921e31.click(<generated>)
  com.yogi.JabongHomePage.openLeftHandMenu(JabongHomePage.java:40)
  com.yogi.JabongTest.loginTest(JabongTest.java:32)
  sun.reflect.NativeMethodAccessorImpl.invoke0(Native Method)
  sun.reflect.NativeMethodAccessorImpl.invoke(Unknown Source)
  sun.reflect.DelegatingMethodAccessorImpl.invoke(Unknown Source)
  java.lang.reflect.Method.invoke(Unknown Source)
  org.testng.internal.MethodInvocationHelper.invokeMethod(MethodInvocationHelper.java:84)
  org.testng.internal.Invoker.invokeMethod(Invoker.java:714)
  org.testng.internal.Invoker.invokeTestMethod(Invoker.java:901)
  org.testng.internal.Invoker.invokeTestMethods(Invoker.java:1231)
  org.testng.internal.TestMethodWorker.invokeTestMethods(TestMethodWorker.java:127)
  org.testng.internal.TestMethodWorker.run(TestMethodWorker.java:111)
  org.testng.TestRunner.privateRun(TestRunner.java:767)
  org.testng.TestRunner.run(TestRunner.java:617)
  org.testng.SuiteRunner.runTest(SuiteRunner.java:334)
  org.testng.SuiteRunner.access$000(SuiteRunner.java:37)
  org.testng.SuiteRunner$SuiteWorker.run(SuiteRunner.java:368)
  org.testng.internal.thread.ThreadUtil$2.call(ThreadUtil.java:64)
  java.util.concurrent.FutureTask.run(Unknown Source)
  java.util.concurrent.ThreadPoolExecutor.runWorker(Unknown Source)
  java.util.concurrent.ThreadPoolExecutor$Worker.run(Unknown Source)
  java.lang.Thread.run(Unknown Source)
]]>
      </failure>

          </testcase>
  
  
  
</testsuite>
